2024-11-19 00:53:32 [main] INFO com.ui.listeners.TestListener::onStart::67 Test suite started 
2024-11-19 00:53:38 [main] INFO com.ui.listeners.TestListener::onTestStart::25 validUserLoginTest 
2024-11-19 00:53:38 [main] INFO com.ui.listeners.TestListener::onTestStart::27 Verify valid user is able to login or not 
2024-11-19 00:53:38 [main] INFO com.ui.listeners.TestListener::onTestStart::29 [sanity] 
2024-11-19 00:53:38 [main] INFO com.ui.pages.HomePage::clickOn::54 Trying to click on element By.xpath: //a[contains(text(),'Sign in')] 
2024-11-19 00:53:39 [main] INFO com.ui.pages.LoginPage::enterText::88 Trying to enter text in By.id: email 
2024-11-19 00:53:39 [main] INFO com.ui.pages.LoginPage::enterText::88 Trying to enter text in By.id: passwd 
2024-11-19 00:53:39 [main] INFO com.ui.pages.LoginPage::clickOn::54 Trying to click on element By.id: SubmitLogin 
2024-11-19 00:53:40 [main] INFO com.ui.pages.MyAccountPage::getText::102 Trying to get text from By.xpath: //a[@class='account']//span 
2024-11-19 00:53:40 [main] INFO com.ui.listeners.TestListener::onTestSuccess::36 validUserLoginTest PASSED 
2024-11-19 00:53:46 [main] INFO com.ui.listeners.TestListener::onTestStart::25 validUserLoginTest 
2024-11-19 00:53:46 [main] INFO com.ui.listeners.TestListener::onTestStart::27 Verify valid user is able to login or not 
2024-11-19 00:53:46 [main] INFO com.ui.listeners.TestListener::onTestStart::29 [sanity] 
2024-11-19 00:53:46 [main] INFO com.ui.pages.HomePage::clickOn::54 Trying to click on element By.xpath: //a[contains(text(),'Sign in')] 
2024-11-19 00:53:46 [main] INFO com.ui.pages.LoginPage::enterText::88 Trying to enter text in By.id: email 
2024-11-19 00:53:47 [main] INFO com.ui.pages.LoginPage::enterText::88 Trying to enter text in By.id: passwd 
2024-11-19 00:53:47 [main] INFO com.ui.pages.LoginPage::clickOn::54 Trying to click on element By.id: SubmitLogin 
2024-11-19 00:53:47 [main] INFO com.ui.pages.MyAccountPage::getText::102 Trying to get text from By.xpath: //a[@class='account']//span 
2024-11-19 00:53:47 [main] ERROR com.ui.listeners.TestListener::onTestFailure::43 validUserLoginTest FAILED 
2024-11-19 00:53:47 [main] ERROR com.ui.listeners.TestListener::onTestFailure::45 expected [Ritesh Mishra] but found [Ahiasiasjioasanjnsaijsa sdsd] 
2024-11-19 00:53:48 [main] INFO com.ui.listeners.TestListener::onFinish::74 Test suite completed 
